[2026-05-07 13:09:12] ============================================================
[2026-05-07 13:09:12] 手语识别模型训练开始
[2026-05-07 13:09:12] ============================================================
[2026-05-07 13:09:12] 使用设备: cuda
[2026-05-07 13:09:12] 加载数据...
[2026-05-07 13:09:14] 训练数据: (27455, 785), 测试数据: (7172, 785)
[2026-05-07 13:09:14] ----------------------------------------
[2026-05-07 13:09:14] 训练模型: SimpleCNN
[2026-05-07 13:09:14] ----------------------------------------
[2026-05-07 13:09:14] 输入配置: size=28, channels=1, rgb=False
[2026-05-07 13:09:14] 数据划分: 训练集=21964, 验证集=5491, 测试集=7172
[2026-05-07 13:09:14] 输入张量形状 (B, C, H, W): (21964, 1, 28, 28)
[2026-05-07 13:09:15] 开始训练 SimpleCNN...
[2026-05-07 13:09:16] Epoch [1/30] Train Loss: 2.9693, Acc: 0.1299 | Val Loss: 2.3255, Acc: 0.3976
[2026-05-07 13:09:18] Epoch [5/30] Train Loss: 0.7874, Acc: 0.7353 | Val Loss: 0.3921, Acc: 0.9151
[2026-05-07 13:09:19] Epoch [10/30] Train Loss: 0.3554, Acc: 0.8800 | Val Loss: 0.0971, Acc: 0.9820
[2026-05-07 13:09:21] Epoch [15/30] Train Loss: 0.2163, Acc: 0.9257 | Val Loss: 0.0329, Acc: 0.9987
[2026-05-07 13:09:22] Epoch [20/30] Train Loss: 0.1540, Acc: 0.9476 | Val Loss: 0.0127, Acc: 0.9993
[2026-05-07 13:09:24] Epoch [25/30] Train Loss: 0.1145, Acc: 0.9595 | Val Loss: 0.0042, Acc: 0.9998
[2026-05-07 13:09:26] Epoch [30/30] Train Loss: 0.0966, Acc: 0.9650 | Val Loss: 0.0042, Acc: 0.9995
[2026-05-07 13:09:26] 模型已保存: /root/shared-nvme/workspace/CV_HOMEWORK/checkpoints/SimpleCNN.pth
[2026-05-07 13:09:26] SimpleCNN 训练完成! 最佳验证准确率: 1.0000
[2026-05-07 13:09:26] SimpleCNN 完成! 训练时间: 11.14秒
[2026-05-07 13:09:26] ----------------------------------------
[2026-05-07 13:09:26] 训练模型: EnhancedCNN
[2026-05-07 13:09:26] ----------------------------------------
[2026-05-07 13:09:26] 输入配置: size=28, channels=1, rgb=False
[2026-05-07 13:09:26] 数据划分: 训练集=21964, 验证集=5491, 测试集=7172
[2026-05-07 13:09:26] 输入张量形状 (B, C, H, W): (21964, 1, 28, 28)
[2026-05-07 13:09:26] 开始训练 EnhancedCNN...
[2026-05-07 13:09:27] Epoch [1/30] Train Loss: 1.2983, Acc: 0.6088 | Val Loss: 0.2171, Acc: 0.9521
[2026-05-07 13:09:31] Epoch [5/30] Train Loss: 0.0015, Acc: 1.0000 | Val Loss: 0.0000, Acc: 1.0000
[2026-05-07 13:09:36] Epoch [10/30] Train Loss: 0.0007, Acc: 0.9999 | Val Loss: 0.0003, Acc: 1.0000
[2026-05-07 13:09:41] Epoch [15/30] Train Loss: 0.0003, Acc: 1.0000 | Val Loss: 0.0000, Acc: 1.0000
[2026-05-07 13:09:45] Epoch [20/30] Train Loss: 0.0002, Acc: 1.0000 | Val Loss: 0.0000, Acc: 1.0000
[2026-05-07 13:09:50] Epoch [25/30] Train Loss: 0.0001, Acc: 1.0000 | Val Loss: 0.0000, Acc: 1.0000
[2026-05-07 13:09:55] Epoch [30/30] Train Loss: 0.0001, Acc: 1.0000 | Val Loss: 0.0000, Acc: 1.0000
[2026-05-07 13:09:55] 模型已保存: /root/shared-nvme/workspace/CV_HOMEWORK/checkpoints/EnhancedCNN.pth
[2026-05-07 13:09:55] EnhancedCNN 训练完成! 最佳验证准确率: 1.0000
[2026-05-07 13:09:55] EnhancedCNN 完成! 训练时间: 29.00秒
[2026-05-07 13:09:55] ----------------------------------------
[2026-05-07 13:09:55] 训练模型: VGG16
[2026-05-07 13:09:55] ----------------------------------------
[2026-05-07 13:09:55] 输入配置: size=64, channels=3, rgb=True
[2026-05-07 13:09:57] 数据划分: 训练集=21964, 验证集=5491, 测试集=7172
[2026-05-07 13:09:57] 输入张量形状 (B, C, H, W): (21964, 3, 64, 64)
[2026-05-07 13:09:59] 开始训练 VGG16...
[2026-05-07 13:10:05] Epoch [1/30] Train Loss: 5.5733, Acc: 0.0438 | Val Loss: 3.1764, Acc: 0.0452
[2026-05-07 13:10:29] Epoch [5/30] Train Loss: 3.1759, Acc: 0.0475 | Val Loss: 3.1755, Acc: 0.0472
[2026-05-07 13:10:57] Epoch [10/30] Train Loss: 3.1758, Acc: 0.0455 | Val Loss: 3.1755, Acc: 0.0466
[2026-05-07 13:11:26] Epoch [15/30] Train Loss: 3.1757, Acc: 0.0452 | Val Loss: 3.1755, Acc: 0.0472
[2026-05-07 13:11:54] Epoch [20/30] Train Loss: 3.1758, Acc: 0.0463 | Val Loss: 3.1755, Acc: 0.0472
[2026-05-07 13:12:22] Epoch [25/30] Train Loss: 3.1758, Acc: 0.0457 | Val Loss: 3.1755, Acc: 0.0472
[2026-05-07 13:12:51] Epoch [30/30] Train Loss: 3.1758, Acc: 0.0456 | Val Loss: 3.1755, Acc: 0.0472
[2026-05-07 13:12:52] 模型已保存: /root/shared-nvme/workspace/CV_HOMEWORK/checkpoints/VGG16.pth
[2026-05-07 13:12:52] VGG16 训练完成! 最佳验证准确率: 0.0472
[2026-05-07 13:12:52] VGG16 完成! 训练时间: 173.61秒
[2026-05-07 13:12:52] ----------------------------------------
[2026-05-07 13:12:52] 训练模型: ResNet18
[2026-05-07 13:12:52] ----------------------------------------
[2026-05-07 13:12:52] 输入配置: size=64, channels=3, rgb=True
[2026-05-07 13:12:55] 数据划分: 训练集=21964, 验证集=5491, 测试集=7172
[2026-05-07 13:12:55] 输入张量形状 (B, C, H, W): (21964, 3, 64, 64)
[2026-05-07 13:12:56] 开始训练 ResNet18...
[2026-05-07 13:12:57] Epoch [1/30] Train Loss: 0.4668, Acc: 0.8719 | Val Loss: 0.4822, Acc: 0.8408
[2026-05-07 13:13:03] Epoch [5/30] Train Loss: 0.0001, Acc: 1.0000 | Val Loss: 0.0001, Acc: 1.0000
[2026-05-07 13:13:10] Epoch [10/30] Train Loss: 0.0001, Acc: 1.0000 | Val Loss: 0.0001, Acc: 1.0000
[2026-05-07 13:13:17] Epoch [15/30] Train Loss: 0.0000, Acc: 1.0000 | Val Loss: 0.0000, Acc: 1.0000
[2026-05-07 13:13:24] Epoch [20/30] Train Loss: 0.0000, Acc: 1.0000 | Val Loss: 0.0000, Acc: 1.0000
[2026-05-07 13:13:30] Epoch [25/30] Train Loss: 0.0000, Acc: 1.0000 | Val Loss: 0.0000, Acc: 1.0000
[2026-05-07 13:13:37] Epoch [30/30] Train Loss: 0.0000, Acc: 1.0000 | Val Loss: 0.0000, Acc: 1.0000
[2026-05-07 13:13:37] 模型已保存: /root/shared-nvme/workspace/CV_HOMEWORK/checkpoints/ResNet18.pth
[2026-05-07 13:13:37] ResNet18 训练完成! 最佳验证准确率: 1.0000
[2026-05-07 13:13:37] ResNet18 完成! 训练时间: 41.70秒
[2026-05-07 13:13:37] ----------------------------------------
[2026-05-07 13:13:37] 训练模型: AlexNet
[2026-05-07 13:13:37] ----------------------------------------
[2026-05-07 13:13:37] 输入配置: size=64, channels=3, rgb=True
[2026-05-07 13:13:39] 数据划分: 训练集=21964, 验证集=5491, 测试集=7172
[2026-05-07 13:13:39] 输入张量形状 (B, C, H, W): (21964, 3, 64, 64)
[2026-05-07 13:13:40] 开始训练 AlexNet...
[2026-05-07 13:13:41] Epoch [1/30] Train Loss: 3.1815, Acc: 0.0468 | Val Loss: 3.1754, Acc: 0.0472
[2026-05-07 13:13:45] Epoch [5/30] Train Loss: 3.1723, Acc: 0.0453 | Val Loss: 3.1196, Acc: 0.0472
[2026-05-07 13:13:52] Epoch [10/30] Train Loss: 0.9017, Acc: 0.6408 | Val Loss: 0.6129, Acc: 0.7423
[2026-05-07 13:13:59] Epoch [15/30] Train Loss: 0.0321, Acc: 0.9899 | Val Loss: 0.0156, Acc: 0.9956
[2026-05-07 13:14:05] Epoch [20/30] Train Loss: 0.0771, Acc: 0.9803 | Val Loss: 0.4679, Acc: 0.8789
[2026-05-07 13:14:10] Epoch [25/30] Train Loss: 0.0114, Acc: 0.9970 | Val Loss: 0.0033, Acc: 0.9995
[2026-05-07 13:14:16] Epoch [30/30] Train Loss: 0.0003, Acc: 1.0000 | Val Loss: 0.0000, Acc: 1.0000
[2026-05-07 13:14:16] 模型已保存: /root/shared-nvme/workspace/CV_HOMEWORK/checkpoints/AlexNet.pth
[2026-05-07 13:14:16] AlexNet 训练完成! 最佳验证准确率: 1.0000
[2026-05-07 13:14:16] AlexNet 完成! 训练时间: 36.34秒
[2026-05-07 13:14:16] ============================================================
[2026-05-07 13:14:16] 所有模型训练完成!
[2026-05-07 13:14:16] ============================================================
[2026-05-07 13:14:16] 
# 模型性能比较

| 模型 | 最佳验证准确率 | 训练时间(秒) |
|------|------------|------------|
| SimpleCNN | 1.0000 | 11.14 |
| EnhancedCNN | 1.0000 | 29.00 |
| VGG16 | 0.0472 | 173.61 |
| ResNet18 | 1.0000 | 41.70 |
| AlexNet | 1.0000 | 36.34 |

[2026-05-07 13:14:16] 结果已保存到 results.json
[2026-05-07 13:14:16] 最佳模型: SimpleCNN (准确率: 1.0000)
[2026-05-07 13:14:16] 训练完成!
[2026-05-07 13:44:21] 评估最佳模型: SimpleCNN
